/control/execute /home/ubuntu/Desktop/gamos/GAMOS.6.2.0/tutorials/VRML bai bao/VRMLMM.in
/tracking/verbose 1
/gamos/setParam GmGeometryFromText:FileName VRMLMM.geom
/gamos/geometry GmGeometryFromText
/gamos/physicsList GmEMPhysics
GmEMPhysics PhysicsList:DEFAULT = gamma-standard is registered
GmEMPhysics PhysicsList: DEFAULT = electron-standard is registered
GmEMPhysics PhysicsList: DEFAULT = positron-standard is registered
/gamos/physicsList GmEMExtendedPhysics
GmEMPhysics PhysicsList:DEFAULT = gamma-standard is registered
GmEMPhysics PhysicsList: DEFAULT = electron-standard is registered
GmEMPhysics PhysicsList: DEFAULT = positron-standard is registered
/gamos/generator GmGenerator
/run/initialize
/gamos/generator/addSingleParticleSource source1 e+ 0.1*MeV
/gamos/generator/positionDist source1 GmGenerDistPositionPoint 0. 0. 10.
/gamos/generator/directionDist source1 GmGenerDistDirectionConst 1. 0. 0.
/gamos/generator/addSingleParticleSource source1 e+ 0.1*MeV
/gamos/generator/positionDist source1 GmGenerDistPositionPoint 0. 0. -10.
/gamos/generator/directionDist source1 GmGenerDistDirectionConst 1. 0. 0.
/control/execute ../../examples/visVRML2FILE.in
/vis/scene/create
/vis/open VRML2FILE
Issue /vis/viewer/refresh or flush to see effect.
/vis/viewer/flush
G4Scene::AddWorldIfEmpty: The scene was empty of run-duration models.
  "world" has been added.
/vis/viewer/set/viewpointThetaPhi 10 120 deg
Issue /vis/viewer/refresh or flush to see effect.
/vis/viewer/zoom 1
Issue /vis/viewer/refresh or flush to see effect.
/vis/scene/add/trajectories
/tracking/storeTrajectory 1
Attributes available for modeling and filtering with
  "/vis/modeling/trajectories/create/drawByAttribute" and
  "/vis/filtering/trajectories/create/attributeFilter" commands:
G4TrajectoriesModel:
  Event ID (EventID): G4int
  Run ID (RunID): G4int
G4Trajectory:
  Charge (Ch): unit: e+ (G4double)
  Track ID (ID): G4int
  Initial kinetic energy (IKE): G4BestUnit (G4double)
  Initial momentum magnitude (IMag): G4BestUnit (G4double)
  Initial momentum (IMom): G4BestUnit (G4ThreeVector)
  No. of points (NTP): G4int
  PDG Encoding (PDG): G4int
  Parent ID (PID): G4int
  Particle Name (PN): G4String
G4TrajectoryPoint:
  Position (Pos): G4BestUnit (G4ThreeVector)
WARNING: Trajectory storing has been requested.  This action may be
  reversed with "/tracking/storeTrajectory 0".
/vis/scene/notifyHandlers
/vis/scene/endOfEventAction accumulate
WARNING: The vis manager will keep up to 100 events.
  This may use a lot of memory.
  It may be changed with, e.g., "/vis/scene/endOfEventAction accumulate 10".
/vis/viewer/update
/vis/viewer/flush
===========================================
Output VRML 2.0 file: g4_04.wrl
Maximum number of files in the destination directory: 100
  (Customizable with the environment variable: G4VRMLFILE_MAX_FILE_NUM) 
===========================================
*** VRML 2.0 File  g4_04.wrl  is generated.
MESSAGE from VRML2FILE driver:
    Set an environmental variable  G4VRMLFILE_VIEWER
    if you want to visualize the generated VRML file
    automatically.  For example, 
    setenv  G4VRMLFILE_VIEWER  vrwave 
/run/beamOn 3

### ===  Deexcitation model UAtomDeexcitation is activated for 1 region:
          DefaultRegionForTheWorld  1  1  0
### ===  Auger cascade flag: 0
### ===  Ignore cuts flag:   0

phot:  for gamma SubType=12 BuildTable=0
      LambdaPrime table from 200 keV to 100 TeV in 61 bins 
      ===== EM models for the G4Region  DefaultRegionForTheWorld ======
       PhotoElectric : Emin=    0 eV  Emax=  100 TeV  SauterGavrila Fluo

compt:  for gamma SubType=13 BuildTable=1
      Lambda table from 100 eV  to 1 MeV, 7 bins/decade, spline: 1
      LambdaPrime table from 1 MeV to 100 TeV in 56 bins 
      ===== EM models for the G4Region  DefaultRegionForTheWorld ======
       Klein-Nishina : Emin=    0 eV  Emax=  100 TeV

conv:  for gamma SubType=14 BuildTable=1
      Lambda table from 1.022 MeV to 100 TeV, 18 bins/decade, spline: 1
      ===== EM models for the G4Region  DefaultRegionForTheWorld ======
     BetheHeitlerLPM : Emin=    0 eV  Emax=  100 TeV  ModifiedTsai

Rayl:  for gamma SubType=11 BuildTable=1
      Lambda table from 100 eV  to 100 keV, 7 bins/decade, spline: 0
      LambdaPrime table from 100 keV to 100 TeV in 63 bins 
      ===== EM models for the G4Region  DefaultRegionForTheWorld ======
   LivermoreRayleigh : Emin=    0 eV  Emax=  100 TeV  CullenGenerator

msc:  for e-  SubType= 10
      ===== EM models for the G4Region  DefaultRegionForTheWorld ======
            UrbanMsc : Emin=    0 eV  Emax=  100 TeV Nbins=84 100 eV  - 100 TeV

eIoni:  for e-  SubType=2
      dE/dx and range tables from 100 eV  to 100 TeV in 84 bins
      Lambda tables from threshold to 100 TeV, 7 bins/decade, spline: 1
      StepFunction=(0.2, 1 mm), integ: 1, fluct: 1, linLossLim= 0.01
      ===== EM models for the G4Region  DefaultRegionForTheWorld ======
        MollerBhabha : Emin=    0 eV  Emax=  100 TeV

eBrem:  for e-  SubType=3
      dE/dx and range tables from 100 eV  to 100 TeV in 84 bins
      Lambda tables from threshold to 100 TeV, 7 bins/decade, spline: 1
      LPM flag: 1 for E > 1 GeV,  VertexHighEnergyTh(GeV)= 100000
      ===== EM models for the G4Region  DefaultRegionForTheWorld ======
             eBremSB : Emin=    0 eV  Emax=    1 GeV  ModifiedTsai
            eBremLPM : Emin=    1 GeV Emax=  100 TeV  ModifiedTsai

msc:  for e+  SubType= 10
      ===== EM models for the G4Region  DefaultRegionForTheWorld ======
            UrbanMsc : Emin=    0 eV  Emax=  100 TeV Nbins=84 100 eV  - 100 TeV

eIoni:  for e+  SubType=2
      dE/dx and range tables from 100 eV  to 100 TeV in 84 bins
      Lambda tables from threshold to 100 TeV, 7 bins/decade, spline: 1
      StepFunction=(0.2, 1 mm), integ: 1, fluct: 1, linLossLim= 0.01
      ===== EM models for the G4Region  DefaultRegionForTheWorld ======
        MollerBhabha : Emin=    0 eV  Emax=  100 TeV

eBrem:  for e+  SubType=3
      dE/dx and range tables from 100 eV  to 100 TeV in 84 bins
      Lambda tables from threshold to 100 TeV, 7 bins/decade, spline: 1
      LPM flag: 1 for E > 1 GeV,  VertexHighEnergyTh(GeV)= 100000
      ===== EM models for the G4Region  DefaultRegionForTheWorld ======
             eBremSB : Emin=    0 eV  Emax=    1 GeV  ModifiedTsai
            eBremLPM : Emin=    1 GeV Emax=  100 TeV  ModifiedTsai

annihil:  for e+, integral:1  SubType=5 BuildTable=0
      ===== EM models for the G4Region  DefaultRegionForTheWorld ======
            eplus2gg : Emin=    0 eV  Emax=  100 TeV

msc:  for proton  SubType= 10
      RangeFactor= 0.2, stepLimType: 0, latDisp: 0
      ===== EM models for the G4Region  DefaultRegionForTheWorld ======
            UrbanMsc : Emin=    0 eV  Emax=  100 TeV Nbins=84 100 eV  - 100 TeV

hIoni:  for proton  SubType=2
      dE/dx and range tables from 100 eV  to 100 TeV in 84 bins
      Lambda tables from threshold to 100 TeV, 7 bins/decade, spline: 1
      StepFunction=(0.2, 0.05 mm), integ: 1, fluct: 1, linLossLim= 0.01
      ===== EM models for the G4Region  DefaultRegionForTheWorld ======
               Bragg : Emin=    0 eV  Emax=    2 MeV
          BetheBloch : Emin=    2 MeV Emax=  100 TeV

hBrems:  for proton  SubType=3
      dE/dx and range tables from 100 eV  to 100 TeV in 84 bins
      Lambda tables from threshold to 100 TeV, 7 bins/decade, spline: 1
      ===== EM models for the G4Region  DefaultRegionForTheWorld ======
               hBrem : Emin=    0 eV  Emax=  100 TeV

hPairProd:  for proton  SubType=4
      dE/dx and range tables from 100 eV  to 100 TeV in 84 bins
      Lambda tables from threshold to 100 TeV, 7 bins/decade, spline: 1
      Sampling table 17x1001; from 7.50618 GeV to 100 TeV 
      ===== EM models for the G4Region  DefaultRegionForTheWorld ======
           hPairProd : Emin=    0 eV  Emax=  100 TeV

msc:  for GenericIon  SubType= 10
      RangeFactor= 0.2, stepLimType: 0, latDisp: 0
      ===== EM models for the G4Region  DefaultRegionForTheWorld ======
            UrbanMsc : Emin=    0 eV  Emax=  100 TeV

ionIoni:  for GenericIon  SubType=2
      dE/dx and range tables from 100 eV  to 100 TeV in 84 bins
      Lambda tables from threshold to 100 TeV, 7 bins/decade, spline: 1
      StepFunction=(0.1, 0.01 mm), integ: 1, fluct: 1, linLossLim= 0.02
      ===== EM models for the G4Region  DefaultRegionForTheWorld ======
         ParamICRU73 : Emin=    0 eV  Emax=  100 TeV  deltaVI

nuclearStopping:  for GenericIon SubType=8 BuildTable=0
      ===== EM models for the G4Region  DefaultRegionForTheWorld ======
   ICRU49NucStopping : Emin=    0 eV  Emax=   10 GeV

msc:  for alpha  SubType= 10
      RangeFactor= 0.2, stepLimType: 0, latDisp: 0
      ===== EM models for the G4Region  DefaultRegionForTheWorld ======
            UrbanMsc : Emin=    0 eV  Emax=  100 TeV Nbins=84 100 eV  - 100 TeV

ionIoni:  for alpha  SubType=2
      dE/dx and range tables from 100 eV  to 100 TeV in 84 bins
      Lambda tables from threshold to 100 TeV, 7 bins/decade, spline: 1
      StepFunction=(0.1, 0.02 mm), integ: 1, fluct: 1, linLossLim= 0.02
      ===== EM models for the G4Region  DefaultRegionForTheWorld ======
            BraggIon : Emin=    0 eV  Emax=7.9452 MeV
          BetheBloch : Emin=7.9452 MeV Emax=  100 TeV

nuclearStopping:  for alpha SubType=8 BuildTable=0
      ===== EM models for the G4Region  DefaultRegionForTheWorld ======
   ICRU49NucStopping : Emin=    0 eV  Emax=   10 GeV

msc:  for anti_proton  SubType= 10
      RangeFactor= 0.2, stepLimType: 0, latDisp: 0
      ===== EM models for the G4Region  DefaultRegionForTheWorld ======
            UrbanMsc : Emin=    0 eV  Emax=  100 TeV Nbins=84 100 eV  - 100 TeV

hIoni:  for anti_proton  SubType=2
      dE/dx and range tables from 100 eV  to 100 TeV in 84 bins
      Lambda tables from threshold to 100 TeV, 7 bins/decade, spline: 1
      StepFunction=(0.2, 0.1 mm), integ: 1, fluct: 1, linLossLim= 0.01
      ===== EM models for the G4Region  DefaultRegionForTheWorld ======
            ICRU73QO : Emin=    0 eV  Emax=    2 MeV
          BetheBloch : Emin=    2 MeV Emax=  100 TeV

msc:  for kaon+  SubType= 10
      RangeFactor= 0.2, stepLimType: 0, latDisp: 0
      ===== EM models for the G4Region  DefaultRegionForTheWorld ======
            UrbanMsc : Emin=    0 eV  Emax=  100 TeV Nbins=84 100 eV  - 100 TeV

hIoni:  for kaon+  SubType=2
      dE/dx and range tables from 100 eV  to 100 TeV in 84 bins
      Lambda tables from threshold to 100 TeV, 7 bins/decade, spline: 1
      StepFunction=(0.2, 0.05 mm), integ: 1, fluct: 1, linLossLim= 0.01
      ===== EM models for the G4Region  DefaultRegionForTheWorld ======
               Bragg : Emin=    0 eV  Emax=1.05231 MeV
          BetheBloch : Emin=1.05231 MeV Emax=  100 TeV

hBrems:  for kaon+  SubType=3
      dE/dx and range tables from 100 eV  to 100 TeV in 84 bins
      Lambda tables from threshold to 100 TeV, 7 bins/decade, spline: 1
      ===== EM models for the G4Region  DefaultRegionForTheWorld ======
               hBrem : Emin=    0 eV  Emax=  100 TeV

hPairProd:  for kaon+  SubType=4
      dE/dx and range tables from 100 eV  to 100 TeV in 84 bins
      Lambda tables from threshold to 100 TeV, 7 bins/decade, spline: 1
      Sampling table 18x1001; from 3.94942 GeV to 100 TeV 
      ===== EM models for the G4Region  DefaultRegionForTheWorld ======
           hPairProd : Emin=    0 eV  Emax=  100 TeV

msc:  for kaon-  SubType= 10
      RangeFactor= 0.2, stepLimType: 0, latDisp: 0
      ===== EM models for the G4Region  DefaultRegionForTheWorld ======
            UrbanMsc : Emin=    0 eV  Emax=  100 TeV Nbins=84 100 eV  - 100 TeV

hIoni:  for kaon-  SubType=2
      dE/dx and range tables from 100 eV  to 100 TeV in 84 bins
      Lambda tables from threshold to 100 TeV, 7 bins/decade, spline: 1
      StepFunction=(0.2, 0.05 mm), integ: 1, fluct: 1, linLossLim= 0.01
      ===== EM models for the G4Region  DefaultRegionForTheWorld ======
            ICRU73QO : Emin=    0 eV  Emax=1.05231 MeV
          BetheBloch : Emin=1.05231 MeV Emax=  100 TeV

hBrems:  for kaon-  SubType=3
      dE/dx and range tables from 100 eV  to 100 TeV in 84 bins
      Lambda tables from threshold to 100 TeV, 7 bins/decade, spline: 1
      ===== EM models for the G4Region  DefaultRegionForTheWorld ======
               hBrem : Emin=    0 eV  Emax=  100 TeV

hPairProd:  for kaon-  SubType=4
      dE/dx and range tables from 100 eV  to 100 TeV in 84 bins
      Lambda tables from threshold to 100 TeV, 7 bins/decade, spline: 1
      Sampling table 18x1001; from 3.94942 GeV to 100 TeV 
      ===== EM models for the G4Region  DefaultRegionForTheWorld ======
           hPairProd : Emin=    0 eV  Emax=  100 TeV

msc:  for mu+  SubType= 10
      RangeFactor= 0.2, stepLimType: 0, latDisp: 0, polarAngLim(deg)= 180
      ===== EM models for the G4Region  DefaultRegionForTheWorld ======
        WentzelVIUni : Emin=    0 eV  Emax=  100 TeV Nbins=84 100 eV  - 100 TeV

muIoni:  for mu+  SubType=2
      dE/dx and range tables from 100 eV  to 100 TeV in 84 bins
      Lambda tables from threshold to 100 TeV, 7 bins/decade, spline: 1
      StepFunction=(0.2, 0.05 mm), integ: 1, fluct: 1, linLossLim= 0.01
      ===== EM models for the G4Region  DefaultRegionForTheWorld ======
               Bragg : Emin=    0 eV  Emax=  200 keV
          BetheBloch : Emin=  200 keV Emax=    1 GeV
        MuBetheBloch : Emin=    1 GeV Emax=  100 TeV

muBrems:  for mu+  SubType=3
      dE/dx and range tables from 100 eV  to 100 TeV in 84 bins
      Lambda tables from threshold to 100 TeV, 7 bins/decade, spline: 1
      ===== EM models for the G4Region  DefaultRegionForTheWorld ======
              MuBrem : Emin=    0 eV  Emax=  100 TeV

muPairProd:  for mu+  SubType=4
      dE/dx and range tables from 100 eV  to 100 TeV in 84 bins
      Lambda tables from threshold to 100 TeV, 7 bins/decade, spline: 1
      Sampling table 21x1001; from 1 GeV to 100 TeV 
      ===== EM models for the G4Region  DefaultRegionForTheWorld ======
          muPairProd : Emin=    0 eV  Emax=  100 TeV

CoulombScat:  for mu+, integral:1  SubType=1 BuildTable=1
      Lambda table from threshold  to 100 TeV, 7 bins/decade, spline: 1
      ThetaMin(p) < Theta(degree) < 180; pLimit(GeV^1)= 0.139531
      ===== EM models for the G4Region  DefaultRegionForTheWorld ======
  eCoulombScattering : Emin=    0 eV  Emax=  100 TeV

msc:  for mu-  SubType= 10
      RangeFactor= 0.2, stepLimType: 0, latDisp: 0, polarAngLim(deg)= 180
      ===== EM models for the G4Region  DefaultRegionForTheWorld ======
        WentzelVIUni : Emin=    0 eV  Emax=  100 TeV Nbins=84 100 eV  - 100 TeV

muIoni:  for mu-  SubType=2
      dE/dx and range tables from 100 eV  to 100 TeV in 84 bins
      Lambda tables from threshold to 100 TeV, 7 bins/decade, spline: 1
      StepFunction=(0.2, 0.05 mm), integ: 1, fluct: 1, linLossLim= 0.01
      ===== EM models for the G4Region  DefaultRegionForTheWorld ======
            ICRU73QO : Emin=    0 eV  Emax=  200 keV
          BetheBloch : Emin=  200 keV Emax=    1 GeV
        MuBetheBloch : Emin=    1 GeV Emax=  100 TeV

muBrems:  for mu-  SubType=3
      dE/dx and range tables from 100 eV  to 100 TeV in 84 bins
      Lambda tables from threshold to 100 TeV, 7 bins/decade, spline: 1
      ===== EM models for the G4Region  DefaultRegionForTheWorld ======
              MuBrem : Emin=    0 eV  Emax=  100 TeV

muPairProd:  for mu-  SubType=4
      dE/dx and range tables from 100 eV  to 100 TeV in 84 bins
      Lambda tables from threshold to 100 TeV, 7 bins/decade, spline: 1
      Sampling table 21x1001; from 1 GeV to 100 TeV 
      ===== EM models for the G4Region  DefaultRegionForTheWorld ======
          muPairProd : Emin=    0 eV  Emax=  100 TeV

CoulombScat:  for mu-, integral:1  SubType=1 BuildTable=1
      Lambda table from threshold  to 100 TeV, 7 bins/decade, spline: 1
      ThetaMin(p) < Theta(degree) < 180; pLimit(GeV^1)= 0.139531
      ===== EM models for the G4Region  DefaultRegionForTheWorld ======
  eCoulombScattering : Emin=    0 eV  Emax=  100 TeV

msc:  for pi+  SubType= 10
      RangeFactor= 0.2, stepLimType: 0, latDisp: 0
      ===== EM models for the G4Region  DefaultRegionForTheWorld ======
            UrbanMsc : Emin=    0 eV  Emax=  100 TeV Nbins=84 100 eV  - 100 TeV

hIoni:  for pi+  SubType=2
      dE/dx and range tables from 100 eV  to 100 TeV in 84 bins
      Lambda tables from threshold to 100 TeV, 7 bins/decade, spline: 1
      StepFunction=(0.2, 0.05 mm), integ: 1, fluct: 1, linLossLim= 0.01
      ===== EM models for the G4Region  DefaultRegionForTheWorld ======
               Bragg : Emin=    0 eV  Emax=297.505 keV
          BetheBloch : Emin=297.505 keV Emax=  100 TeV

hBrems:  for pi+  SubType=3
      dE/dx and range tables from 100 eV  to 100 TeV in 84 bins
      Lambda tables from threshold to 100 TeV, 7 bins/decade, spline: 1
      ===== EM models for the G4Region  DefaultRegionForTheWorld ======
               hBrem : Emin=    0 eV  Emax=  100 TeV

hPairProd:  for pi+  SubType=4
      dE/dx and range tables from 100 eV  to 100 TeV in 84 bins
      Lambda tables from threshold to 100 TeV, 7 bins/decade, spline: 1
      Sampling table 20x1001; from 1.11656 GeV to 100 TeV 
      ===== EM models for the G4Region  DefaultRegionForTheWorld ======
           hPairProd : Emin=    0 eV  Emax=  100 TeV

msc:  for pi-  SubType= 10
      RangeFactor= 0.2, stepLimType: 0, latDisp: 0
      ===== EM models for the G4Region  DefaultRegionForTheWorld ======
            UrbanMsc : Emin=    0 eV  Emax=  100 TeV Nbins=84 100 eV  - 100 TeV

hIoni:  for pi-  SubType=2
      dE/dx and range tables from 100 eV  to 100 TeV in 84 bins
      Lambda tables from threshold to 100 TeV, 7 bins/decade, spline: 1
      StepFunction=(0.2, 0.05 mm), integ: 1, fluct: 1, linLossLim= 0.01
      ===== EM models for the G4Region  DefaultRegionForTheWorld ======
            ICRU73QO : Emin=    0 eV  Emax=297.505 keV
          BetheBloch : Emin=297.505 keV Emax=  100 TeV

hBrems:  for pi-  SubType=3
      dE/dx and range tables from 100 eV  to 100 TeV in 84 bins
      Lambda tables from threshold to 100 TeV, 7 bins/decade, spline: 1
      ===== EM models for the G4Region  DefaultRegionForTheWorld ======
               hBrem : Emin=    0 eV  Emax=  100 TeV

hPairProd:  for pi-  SubType=4
      dE/dx and range tables from 100 eV  to 100 TeV in 84 bins
      Lambda tables from threshold to 100 TeV, 7 bins/decade, spline: 1
      Sampling table 20x1001; from 1.11656 GeV to 100 TeV 
      ===== EM models for the G4Region  DefaultRegionForTheWorld ======
           hPairProd : Emin=    0 eV  Emax=  100 TeV

========= Table of registered couples ==============================

Index : 0     used in the geometry : Yes
 Material : G4_AIR
 Range cuts        :  gamma  100 um     e-  100 um     e+  100 um  proton 100 um 
 Energy thresholds :  gamma  990 eV     e-  990 eV     e+  990 eV  proton 10 keV
 Region(s) which use this couple : 
    DefaultRegionForTheWorld

Index : 1     used in the geometry : Yes
 Material : G4_WATER
 Range cuts        :  gamma  100 um     e-  100 um     e+  100 um  proton 100 um 
 Energy thresholds :  gamma  1.10981 keV    e-  84.6589 keV    e+  83.5287 keV proton 10 keV
 Region(s) which use this couple : 
    DefaultRegionForTheWorld

Index : 2     used in the geometry : Yes
 Material : G4_Pb
 Range cuts        :  gamma  100 um     e-  100 um     e+  100 um  proton 100 um 
 Energy thresholds :  gamma  29.4761 keV    e-  241.522 keV    e+  231.977 keV proton 10 keV
 Region(s) which use this couple : 
    DefaultRegionForTheWorld

====================================================================

/vis/scene/notifyHandlers scene-0
G4VisManager: Using G4TrajectoryDrawByCharge as fallback trajectory model.
See commands in /vis/modeling/trajectories/ for other options.

-------- WWWW ------- G4Exception-START -------- WWWW -------
*** G4Exception : Two Run Actions create a G4Run
      issued by : GmUserRunActionList::GenerateRun()
 Only G4Run of this action will be taken GmScoringUA
*** This is just a warning message. ***
-------- WWWW -------- G4Exception-END --------- WWWW -------

### Run 0 starts.

*********************************************************************************************************
* G4Track Information:   Particle = e+,   Track ID = 2,   Parent ID = 0
*********************************************************************************************************

Step#    X(mm)    Y(mm)    Z(mm) KinE(MeV)  dE(MeV) StepLeng TrackLeng  NextVolume ProcName
    0        0        0      -10       0.1        0        0         0       world initStep
    1    0.114 -0.00153      -10    0.0407 4.22e-05    0.114     0.114       world eIoni
    2        1    0.443    -10.9    0.0391  0.00154     1.35      1.47      mybox1 Transportation
    3        1    0.443    -10.9    0.0383 0.000824  0.00114      1.47      mybox1 msc
    4        1    0.443    -10.9    0.0377 0.000587 0.000811      1.47      mybox1 msc
    5        1    0.443    -10.9    0.0357  0.00196  0.00123      1.47      mybox1 msc
    6        1    0.444    -10.9    0.0349 0.000895  0.00113      1.47      mybox1 msc
    7        1    0.445    -10.9    0.0343 0.000525  0.00134      1.47      mybox1 msc
    8        1    0.446    -10.9    0.0332  0.00114  0.00168      1.47      mybox1 msc
    9        1    0.448    -10.9    0.0308  0.00239  0.00243      1.48      mybox1 msc
   10        1    0.451    -10.9    0.0243  0.00653  0.00242      1.48      mybox1 msc
   11     1.01    0.453    -10.9     0.016  0.00829  0.00335      1.48      mybox1 msc
   12     1.01    0.454    -10.9         0    0.016  0.00526      1.49      mybox1 eIoni
   13     1.01    0.454    -10.9         0        0        0      1.49      mybox1 annihil

*********************************************************************************************************
* G4Track Information:   Particle = gamma,   Track ID = 5,   Parent ID = 2
*********************************************************************************************************

Step#    X(mm)    Y(mm)    Z(mm) KinE(MeV)  dE(MeV) StepLeng TrackLeng  NextVolume ProcName
    0     1.01    0.454    -10.9     0.511        0        0         0      mybox1 initStep
    1     2.84        5    -7.56     0.511        0     5.91      5.91       world Transportation
    2       21       50     25.2     0.511        0     58.5      64.4  OutOfWorld Transportation

*********************************************************************************************************
* G4Track Information:   Particle = gamma,   Track ID = 4,   Parent ID = 2
*********************************************************************************************************

Step#    X(mm)    Y(mm)    Z(mm) KinE(MeV)  dE(MeV) StepLeng TrackLeng  NextVolume ProcName
    0     1.01    0.454    -10.9     0.511        0        0         0      mybox1 initStep
    1        1    0.432    -10.9     0.511        0   0.0282    0.0282       world Transportation
    2    -19.3      -50    -47.7     0.511        0     65.6      65.7  OutOfWorld Transportation

*********************************************************************************************************
* G4Track Information:   Particle = e-,   Track ID = 3,   Parent ID = 2
*********************************************************************************************************

Step#    X(mm)    Y(mm)    Z(mm) KinE(MeV)  dE(MeV) StepLeng TrackLeng  NextVolume ProcName
    0    0.114 -0.00153      -10    0.0593        0        0         0       world initStep
    1        1   -0.312    -9.33    0.0589 0.000385     1.16      1.16      mybox1 Transportation
    2        1   -0.314    -9.33    0.0579  0.00101  0.00242      1.17      mybox1 msc
    3        1   -0.314    -9.33     0.057 0.000859   0.0026      1.17      mybox1 msc
    4     1.01   -0.315    -9.33    0.0521  0.00496  0.00228      1.17      mybox1 msc
    5     1.01   -0.314    -9.33    0.0484  0.00363  0.00405      1.17      mybox1 msc
    6     1.02   -0.312    -9.33     0.045  0.00347  0.00721      1.18      mybox1 msc
    7     1.02   -0.312    -9.34    0.0383  0.00665  0.00942      1.19      mybox1 msc
    8     1.03   -0.318    -9.34    0.0277   0.0107   0.0119       1.2      mybox1 msc
    9     1.03   -0.325    -9.34         0   0.0277   0.0153      1.22      mybox1 eIoni

*********************************************************************************************************
* G4Track Information:   Particle = e+,   Track ID = 1,   Parent ID = 0
*********************************************************************************************************

Step#    X(mm)    Y(mm)    Z(mm) KinE(MeV)  dE(MeV) StepLeng TrackLeng  NextVolume ProcName
    0        0        0       10       0.1        0        0         0       world initStep
    1        1        0       10    0.0997  0.00034        1         1      mybox5 Transportation
    2        1 0.000204       10    0.0988 0.000854 0.000926         1      mybox5 msc
    3        1 -1.85e-08       10    0.0973  0.00151  0.00112      1.01      mybox5 msc
    4        1 0.000507       10     0.093  0.00433  0.00111      1.01      mybox5 msc
    5        1 0.000772       10    0.0894  0.00356  0.00171      1.01      mybox5 msc
    6        1 -2.96e-05       10    0.0859  0.00347  0.00231      1.01      mybox5 msc
    7        1 -0.00159       10    0.0791  0.00684  0.00242      1.01      mybox5 msc
    8        1 -0.000886       10    0.0773  0.00177  0.00133      1.01      mybox5 msc
    9        1 0.000836       10    0.0738   0.0035  0.00211      1.02      mybox5 msc
   10        1   0.0017       10    0.0712  0.00266  0.00153      1.02      mybox5 msc
   11        1  0.00303       10    0.0663  0.00486  0.00196      1.02      mybox5 msc
   12        1   0.0016       10    0.0284   0.0379  0.00194      1.02      mybox5 msc
   13        1  0.00133       10         0   0.0284  0.00306      1.03      mybox5 eIoni
   14        1  0.00133       10         0        0        0      1.03      mybox5 annihil

*********************************************************************************************************
* G4Track Information:   Particle = gamma,   Track ID = 7,   Parent ID = 1
*********************************************************************************************************

Step#    X(mm)    Y(mm)    Z(mm) KinE(MeV)  dE(MeV) StepLeng TrackLeng  NextVolume ProcName
    0        1  0.00133       10     0.511        0        0         0      mybox5 initStep
    1      6.3       -5       13     0.511        0     7.88      7.88       world Transportation
    2       50    -46.3     37.7     0.511        0       65      72.9  OutOfWorld Transportation

*********************************************************************************************************
* G4Track Information:   Particle = gamma,   Track ID = 6,   Parent ID = 1
*********************************************************************************************************

Step#    X(mm)    Y(mm)    Z(mm) KinE(MeV)  dE(MeV) StepLeng TrackLeng  NextVolume ProcName
    0        1  0.00133       10     0.511        0        0         0      mybox5 initStep
    1        1  0.00472       10     0.511        0  0.00535   0.00535       world Transportation
    2      -50     47.9    -18.6     0.511        0     75.6      75.6  OutOfWorld Transportation
===========================================
Output VRML 2.0 file: g4_09.wrl
Maximum number of files in the destination directory: 100
  (Customizable with the environment variable: G4VRMLFILE_MAX_FILE_NUM) 
===========================================

*********************************************************************************************************
* G4Track Information:   Particle = e+,   Track ID = 2,   Parent ID = 0
*********************************************************************************************************

Step#    X(mm)    Y(mm)    Z(mm) KinE(MeV)  dE(MeV) StepLeng TrackLeng  NextVolume ProcName
    0        0        0      -10       0.1        0        0         0       world initStep
    1        1        0      -10    0.0998 0.000201        1         1      mybox1 Transportation
    2     1.01 -0.000116      -10    0.0962   0.0036  0.00546      1.01      mybox1 msc
    3     1.01 -0.00161      -10    0.0937  0.00253  0.00687      1.02      mybox1 msc
    4     1.02  -0.0051      -10    0.0922  0.00142  0.00811      1.02      mybox1 msc
    5     1.02 -0.00697      -10    0.0891  0.00311  0.00898      1.03      mybox1 msc
    6     1.03 -0.00639      -10    0.0826   0.0065   0.0153      1.05      mybox1 msc
    7     1.04 -0.00311      -10    0.0757  0.00693     0.02      1.07      mybox1 msc
    8     1.03  0.00553    -10.1    0.0577    0.018   0.0238      1.09      mybox1 msc
    9     1.05    0.003    -10.1    0.0487  0.00908   0.0208      1.11      mybox1 msc
   10     1.07  0.00364    -10.1         0   0.0487   0.0386      1.15      mybox1 eIoni
   11     1.07  0.00364    -10.1         0        0        0      1.15      mybox1 annihil

*********************************************************************************************************
* G4Track Information:   Particle = gamma,   Track ID = 4,   Parent ID = 2
*********************************************************************************************************

Step#    X(mm)    Y(mm)    Z(mm) KinE(MeV)  dE(MeV) StepLeng TrackLeng  NextVolume ProcName
    0     1.07  0.00364    -10.1     0.511        0        0         0      mybox1 initStep
    1        1  -0.0703    -9.99     0.511        0    0.137     0.137       world Transportation
    2      -42    -47.3       50     0.511        0     87.6      87.7  OutOfWorld Transportation

*********************************************************************************************************
* G4Track Information:   Particle = gamma,   Track ID = 3,   Parent ID = 2
*********************************************************************************************************

Step#    X(mm)    Y(mm)    Z(mm) KinE(MeV)  dE(MeV) StepLeng TrackLeng  NextVolume ProcName
    0     1.07  0.00364    -10.1     0.511        0        0         0      mybox1 initStep
    1     4.62     3.91      -15     0.511        0     7.22      7.22       world Transportation
    2     29.9     31.7      -50     0.511        0     51.3      58.5  OutOfWorld Transportation

*********************************************************************************************************
* G4Track Information:   Particle = e+,   Track ID = 1,   Parent ID = 0
*********************************************************************************************************

Step#    X(mm)    Y(mm)    Z(mm) KinE(MeV)  dE(MeV) StepLeng TrackLeng  NextVolume ProcName
    0        0        0       10       0.1        0        0         0       world initStep
    1        1        0       10    0.0999 9.13e-05        1         1      mybox5 Transportation
    2        1 0.000303       10    0.0991 0.000823  0.00111         1      mybox5 msc
    3        1 0.000901       10    0.0967  0.00235 0.000957      1.01      mybox5 msc
    4        1  0.00121       10    0.0939  0.00279 0.000979      1.01      mybox5 msc
    5        1   0.0014       10    0.0906  0.00339  0.00129      1.01      mybox5 msc
    6        1 0.000979       10    0.0876  0.00299  0.00208      1.01      mybox5 msc
    7     1.01    0.001       10    0.0831   0.0045  0.00238      1.01      mybox5 msc
    8     1.01 -0.00163       10    0.0796  0.00348  0.00392      1.02      mybox5 msc
    9     1.01  -0.0017       10    0.0684   0.0112  0.00483      1.02      mybox5 msc
   10     1.01 -0.000786       10         0   0.0684   0.0135      1.03      mybox5 eIoni
   11     1.01 -0.000786       10         0        0        0      1.03      mybox5 annihil

*********************************************************************************************************
* G4Track Information:   Particle = gamma,   Track ID = 6,   Parent ID = 1
*********************************************************************************************************

Step#    X(mm)    Y(mm)    Z(mm) KinE(MeV)  dE(MeV) StepLeng TrackLeng  NextVolume ProcName
    0     1.01 -0.000786       10     0.511        0        0         0      mybox5 initStep
    1     4.17      3.2       15     0.511        0     6.73      6.73       world Transportation
    2     26.3     25.6       50     0.511        0     47.1      53.8  OutOfWorld Transportation

*********************************************************************************************************
* G4Track Information:   Particle = gamma,   Track ID = 5,   Parent ID = 1
*********************************************************************************************************

Step#    X(mm)    Y(mm)    Z(mm) KinE(MeV)  dE(MeV) StepLeng TrackLeng  NextVolume ProcName
    0     1.01 -0.000786       10     0.511        0        0         0      mybox5 initStep
    1        1  -0.0117     9.98     0.511        0   0.0228    0.0228       world Transportation
    2    -36.8    -38.6      -50     0.511        0     80.7      80.7  OutOfWorld Transportation

*********************************************************************************************************
* G4Track Information:   Particle = e+,   Track ID = 2,   Parent ID = 0
*********************************************************************************************************

Step#    X(mm)    Y(mm)    Z(mm) KinE(MeV)  dE(MeV) StepLeng TrackLeng  NextVolume ProcName
    0        0        0      -10       0.1        0        0         0       world initStep
    1        1        0      -10    0.0998 0.000243        1         1      mybox1 Transportation
    2     1.01  0.00122      -10    0.0961   0.0037  0.00595      1.01      mybox1 msc
    3     1.01  0.00476      -10    0.0941  0.00196  0.00633      1.02      mybox1 msc
    4     1.02   0.0072      -10    0.0927  0.00143  0.00646      1.02      mybox1 msc
    5     1.02   0.0118    -9.99    0.0888  0.00385  0.00899      1.03      mybox1 msc
    6     1.04   0.0218    -9.99    0.0424   0.0464   0.0165      1.05      mybox1 msc
    7     1.04   0.0369    -9.99         0   0.0424   0.0302      1.08      mybox1 eIoni
    8     1.04   0.0369    -9.99         0        0        0      1.08      mybox1 annihil

*********************************************************************************************************
* G4Track Information:   Particle = gamma,   Track ID = 4,   Parent ID = 2
*********************************************************************************************************

Step#    X(mm)    Y(mm)    Z(mm) KinE(MeV)  dE(MeV) StepLeng TrackLeng  NextVolume ProcName
    0     1.04   0.0369    -9.99     0.511        0        0         0      mybox1 initStep
    1     2.96        5    -6.65     0.511        0     6.28      6.28       world Transportation
    2     20.3       50     23.7     0.511        0       57      63.3  OutOfWorld Transportation

*********************************************************************************************************
* G4Track Information:   Particle = gamma,   Track ID = 3,   Parent ID = 2
*********************************************************************************************************

Step#    X(mm)    Y(mm)    Z(mm) KinE(MeV)  dE(MeV) StepLeng TrackLeng  NextVolume ProcName
    0     1.04   0.0369    -9.99     0.511        0        0         0      mybox1 initStep
    1        1  -0.0715    -10.1     0.511        0    0.137     0.137       world Transportation
    2    -18.2      -50    -43.8     0.511        0     63.2      63.4  OutOfWorld Transportation

*********************************************************************************************************
* G4Track Information:   Particle = e+,   Track ID = 1,   Parent ID = 0
*********************************************************************************************************

Step#    X(mm)    Y(mm)    Z(mm) KinE(MeV)  dE(MeV) StepLeng TrackLeng  NextVolume ProcName
    0        0        0       10       0.1        0        0         0       world initStep
    1        1        0       10    0.0996 0.000374        1         1      mybox5 Transportation
    2        1 -0.000376       10    0.0979  0.00177 0.000991         1      mybox5 msc
    3        1 -0.00109       10    0.0976  0.00025  0.00103      1.01      mybox5 msc
    4        1 -0.00148       10    0.0957  0.00185  0.00104      1.01      mybox5 msc
    5        1 -0.00152       10    0.0955 0.000284  0.00103      1.01      mybox5 msc
    6        1 -0.00143       10    0.0951 0.000386   0.0016      1.01      mybox5 msc
    7        1 -0.000128       10    0.0918  0.00327  0.00211      1.01      mybox5 msc
    8     1.01  0.00177       10    0.0862   0.0056   0.0028      1.01      mybox5 msc
    9        1  0.00453       10    0.0764  0.00984  0.00356      1.02      mybox5 msc
   10        1  0.00383       10    0.0726  0.00371  0.00304      1.02      mybox5 msc
   11        1  0.00321       10    0.0476   0.0251  0.00159      1.02      mybox5 msc
   12        1  0.00345       10     0.045  0.00256  0.00106      1.02      mybox5 msc
   13        1  0.00381       10    0.0396  0.00539 0.000987      1.02      mybox5 msc
   14        1  0.00326       10    0.0342  0.00544  0.00102      1.03      mybox5 msc
   15        1  0.00315       10    0.0293  0.00488 0.000888      1.03       world Transportation
   16        1  0.00315       10    0.0293        0        0      1.03      mybox5 Transportation
   17        1  0.00318       10    0.0289 0.000364 0.000124      1.03      mybox5 msc
   18        1  0.00322       10    0.0287 0.000274 0.000142      1.03      mybox5 msc
   19        1  0.00329       10    0.0277 0.000972 0.000123      1.03      mybox5 msc
   20        1  0.00332       10    0.0265  0.00115 0.000146      1.03      mybox5 msc
   21        1  0.00341       10    0.0259 0.000684 0.000164      1.03      mybox5 msc
   22        1  0.00348       10    0.0234  0.00249 0.000173      1.03      mybox5 msc
   23        1  0.00351       10    0.0233 5.55e-05 0.000126      1.03      mybox5 msc
   24        1  0.00351       10     0.023 0.000324 5.54e-05      1.03       world Transportation
   25   -0.219    0.618     10.1    0.0199   0.0031     1.42      2.45       world msc
   26       -1    0.742     10.3    0.0179  0.00084    0.838      3.28       world eIoni
   27    -2.27    0.971     9.71    0.0139  0.00401     1.51      4.79       world msc
   28    -2.86    0.551     8.87   0.00964  0.00163     1.19      5.98       world eIoni
   29    -3.24    0.805     8.34    0.0057  0.00127     0.88      6.86       world eIoni
   30    -3.23    0.814     8.33   0.00451        0   0.0168      6.87       world eIoni
   31    -3.22    0.877     8.05         0  0.00451    0.599      7.47       world eIoni
   32    -3.22    0.877     8.05         0        0        0      7.47       world annihil

*********************************************************************************************************
* G4Track Information:   Particle = gamma,   Track ID = 10,   Parent ID = 1
*********************************************************************************************************

Step#    X(mm)    Y(mm)    Z(mm) KinE(MeV)  dE(MeV) StepLeng TrackLeng  NextVolume ProcName
    0    -3.22    0.877     8.05     0.511        0        0         0       world initStep
    1    -24.7       50    -18.1     0.511        0     59.7      59.7  OutOfWorld Transportation

*********************************************************************************************************
* G4Track Information:   Particle = gamma,   Track ID = 9,   Parent ID = 1
*********************************************************************************************************

Step#    X(mm)    Y(mm)    Z(mm) KinE(MeV)  dE(MeV) StepLeng TrackLeng  NextVolume ProcName
    0    -3.22    0.877     8.05     0.511        0        0         0       world initStep
    1     18.8      -50     35.2     0.511        0     61.7      61.7  OutOfWorld Transportation

*********************************************************************************************************
* G4Track Information:   Particle = e-,   Track ID = 8,   Parent ID = 1
*********************************************************************************************************

Step#    X(mm)    Y(mm)    Z(mm) KinE(MeV)  dE(MeV) StepLeng TrackLeng  NextVolume ProcName
    0    -3.23    0.814     8.33   0.00119        0        0         0       world initStep
    1    -3.22    0.839     8.34         0  0.00119   0.0738    0.0738       world eIoni

*********************************************************************************************************
* G4Track Information:   Particle = e-,   Track ID = 7,   Parent ID = 1
*********************************************************************************************************

Step#    X(mm)    Y(mm)    Z(mm) KinE(MeV)  dE(MeV) StepLeng TrackLeng  NextVolume ProcName
    0    -3.24    0.805     8.34   0.00267        0        0         0       world initStep
    1    -3.31    0.758     8.29         0  0.00267    0.259     0.259       world eIoni

*********************************************************************************************************
* G4Track Information:   Particle = e-,   Track ID = 6,   Parent ID = 1
*********************************************************************************************************

Step#    X(mm)    Y(mm)    Z(mm) KinE(MeV)  dE(MeV) StepLeng TrackLeng  NextVolume ProcName
    0    -2.86    0.551     8.87   0.00264        0        0         0       world initStep
    1     -2.9    0.454     8.85         0  0.00264    0.254     0.254       world eIoni

*********************************************************************************************************
* G4Track Information:   Particle = e-,   Track ID = 5,   Parent ID = 1
*********************************************************************************************************

Step#    X(mm)    Y(mm)    Z(mm) KinE(MeV)  dE(MeV) StepLeng TrackLeng  NextVolume ProcName
    0       -1    0.742     10.3   0.00114        0        0         0       world initStep
    1       -1    0.754     10.3         0  0.00114   0.0685    0.0685       world eIoni
 Run terminated.
Run Summary
  Number of events processed : 3
  User=0.010000s Real=0.015165s Sys=0.010000s
3 events have been kept for refreshing and/or reviewing.

  "/vis/reviewKeptEvents" to review them one by one.
  "/vis/enable", then "/vis/viewer/flush" or "/vis/viewer/rebuild" to see them accumulated.
*** VRML 2.0 File  g4_09.wrl  is generated.
MESSAGE from VRML2FILE driver:
    Set an environmental variable  G4VRMLFILE_VIEWER
    if you want to visualize the generated VRML file
    automatically.  For example, 
    setenv  G4VRMLFILE_VIEWER  vrwave 
Graphics systems deleted.
Visualization Manager deleting...
